<?xml version="1.0" encoding="UTF-8"?>
<testng-results ignored="0" total="2" passed="2" failed="0" skipped="0">
  <reporter-output>
  </reporter-output>
  <suite started-at="2024-08-23T12:44:55 IST" name="Default suite" finished-at="2024-08-23T12:45:03 IST" duration-ms="7814">
    <groups>
    </groups>
    <test started-at="2024-08-23T12:44:55 IST" name="Default test" finished-at="2024-08-23T12:45:03 IST" duration-ms="7814">
      <class name="testclasses.LoginPageTest">
        <test-method is-config="true" signature="setup()[pri:0, instance:testclasses.LoginPageTest@77888435]" started-at="2024-08-23T12:44:55 IST" name="setup" finished-at="2024-08-23T12:45:02 IST" duration-ms="6741" status="PASS">
          <reporter-output>
          </reporter-output>
        </test-method> <!-- setup -->
        <test-method signature="checkPageTitle()[pri:0, instance:testclasses.LoginPageTest@77888435]" started-at="2024-08-23T12:45:02 IST" name="checkPageTitle" finished-at="2024-08-23T12:45:02 IST" duration-ms="25" status="PASS">
          <reporter-output>
          </reporter-output>
        </test-method> <!-- checkPageTitle -->
        <test-method signature="loginWithCorrectCredentials()[pri:0, instance:testclasses.LoginPageTest@77888435]" started-at="2024-08-23T12:45:02 IST" name="loginWithCorrectCredentials" finished-at="2024-08-23T12:45:03 IST" duration-ms="994" status="PASS">
          <reporter-output>
          </reporter-output>
        </test-method> <!-- loginWithCorrectCredentials -->
        <test-method is-config="true" signature="teardown()[pri:0, instance:testclasses.LoginPageTest@77888435]" started-at="2024-08-23T12:45:03 IST" name="teardown" finished-at="2024-08-23T12:45:03 IST" duration-ms="0" status="PASS">
          <reporter-output>
          </reporter-output>
        </test-method> <!-- teardown -->
      </class> <!-- testclasses.LoginPageTest -->
    </test> <!-- Default test -->
  </suite> <!-- Default suite -->
</testng-results>
